2022-01-22 18:55:51,026:INFO:Initializing load_model()
2022-01-22 18:55:51,026:INFO:load_model(model_name=model, platform=None, authentication=None, verbose=True)
2022-01-22 18:56:19,331:INFO:Initializing load_model()
2022-01-22 18:56:19,331:INFO:load_model(model_name=model, platform=None, authentication=None, verbose=True)
2022-01-22 18:56:19,381:INFO:Initializing predict_model()
2022-01-22 18:56:19,381:INFO:predict_model(estimator=Pipeline(steps=[('dtypes',
                 DataTypes_Auto_infer(ml_usecase='classification',
                                      numerical_features=['averageMonthlyHours',
                                                          'yearsAtCompany'],
                                      target='turnover')),
                ('imputer',
                 Simple_Imputer(categorical_strategy='not_available',
                                fill_value_categorical=None,
                                fill_value_numerical=None,
                                numeric_strategy='mean',
                                target_variable=None)),
                ('new_levels1',
                 New_Catagorical_...
                ('rem_outliers', 'passthrough'), ('cluster_all', 'passthrough'),
                ('dummy', Dummify(target='turnover')),
                ('fix_perfect', Remove_100(target='turnover')),
                ('clean_names', Clean_Colum_Names()),
                ('feature_select', 'passthrough'), ('fix_multi', 'passthrough'),
                ('dfs', 'passthrough'), ('pca', 'passthrough'),
                ['trained_model',
                 GradientBoostingClassifier(random_state=5528)]]), probability_threshold=None, encoded_labels=False, drift_report=False, raw_score=False, round=4, verbose=True, ml_usecase=MLUsecase.CLASSIFICATION, display=None)
2022-01-22 18:56:19,382:INFO:Checking exceptions
2022-01-22 18:56:19,383:INFO:Preloading libraries
2022-01-22 18:56:29,220:INFO:Initializing load_model()
2022-01-22 18:56:29,220:INFO:load_model(model_name=model, platform=None, authentication=None, verbose=True)
2022-01-22 18:56:33,460:INFO:Initializing load_model()
2022-01-22 18:56:33,460:INFO:load_model(model_name=model, platform=None, authentication=None, verbose=True)
2022-01-22 18:56:38,671:INFO:Initializing load_model()
2022-01-22 18:56:38,671:INFO:load_model(model_name=model, platform=None, authentication=None, verbose=True)
2022-01-22 18:56:41,356:INFO:Initializing load_model()
2022-01-22 18:56:41,356:INFO:load_model(model_name=model, platform=None, authentication=None, verbose=True)
2022-01-22 18:56:42,393:INFO:Initializing load_model()
2022-01-22 18:56:42,393:INFO:load_model(model_name=model, platform=None, authentication=None, verbose=True)
2022-01-22 18:56:42,441:INFO:Initializing predict_model()
2022-01-22 18:56:42,441:INFO:predict_model(estimator=Pipeline(steps=[('dtypes',
                 DataTypes_Auto_infer(ml_usecase='classification',
                                      numerical_features=['averageMonthlyHours',
                                                          'yearsAtCompany'],
                                      target='turnover')),
                ('imputer',
                 Simple_Imputer(categorical_strategy='not_available',
                                fill_value_categorical=None,
                                fill_value_numerical=None,
                                numeric_strategy='mean',
                                target_variable=None)),
                ('new_levels1',
                 New_Catagorical_...
                ('rem_outliers', 'passthrough'), ('cluster_all', 'passthrough'),
                ('dummy', Dummify(target='turnover')),
                ('fix_perfect', Remove_100(target='turnover')),
                ('clean_names', Clean_Colum_Names()),
                ('feature_select', 'passthrough'), ('fix_multi', 'passthrough'),
                ('dfs', 'passthrough'), ('pca', 'passthrough'),
                ['trained_model',
                 GradientBoostingClassifier(random_state=5528)]]), probability_threshold=None, encoded_labels=False, drift_report=False, raw_score=False, round=4, verbose=True, ml_usecase=MLUsecase.CLASSIFICATION, display=None)
2022-01-22 18:56:42,442:INFO:Checking exceptions
2022-01-22 18:56:42,443:INFO:Preloading libraries
2022-01-22 18:57:22,639:INFO:Initializing load_model()
2022-01-22 18:57:22,639:INFO:load_model(model_name=model, platform=None, authentication=None, verbose=True)
2022-01-22 18:57:23,978:INFO:Initializing load_model()
2022-01-22 18:57:23,979:INFO:load_model(model_name=model, platform=None, authentication=None, verbose=True)
2022-01-22 18:57:24,577:INFO:Initializing load_model()
2022-01-22 18:57:24,578:INFO:load_model(model_name=model, platform=None, authentication=None, verbose=True)
2022-01-22 18:57:25,003:INFO:Initializing load_model()
2022-01-22 18:57:25,003:INFO:load_model(model_name=model, platform=None, authentication=None, verbose=True)
2022-01-22 18:57:32,197:INFO:Initializing load_model()
2022-01-22 18:57:32,197:INFO:load_model(model_name=model, platform=None, authentication=None, verbose=True)
2022-01-22 18:57:32,245:INFO:Initializing predict_model()
2022-01-22 18:57:32,245:INFO:predict_model(estimator=Pipeline(steps=[('dtypes',
                 DataTypes_Auto_infer(ml_usecase='classification',
                                      numerical_features=['averageMonthlyHours',
                                                          'yearsAtCompany'],
                                      target='turnover')),
                ('imputer',
                 Simple_Imputer(categorical_strategy='not_available',
                                fill_value_categorical=None,
                                fill_value_numerical=None,
                                numeric_strategy='mean',
                                target_variable=None)),
                ('new_levels1',
                 New_Catagorical_...
                ('rem_outliers', 'passthrough'), ('cluster_all', 'passthrough'),
                ('dummy', Dummify(target='turnover')),
                ('fix_perfect', Remove_100(target='turnover')),
                ('clean_names', Clean_Colum_Names()),
                ('feature_select', 'passthrough'), ('fix_multi', 'passthrough'),
                ('dfs', 'passthrough'), ('pca', 'passthrough'),
                ['trained_model',
                 GradientBoostingClassifier(random_state=5528)]]), probability_threshold=None, encoded_labels=False, drift_report=False, raw_score=False, round=4, verbose=True, ml_usecase=MLUsecase.CLASSIFICATION, display=None)
2022-01-22 18:57:32,246:INFO:Checking exceptions
2022-01-22 18:57:32,247:INFO:Preloading libraries
2022-01-22 18:58:16,827:INFO:Initializing load_model()
2022-01-22 18:58:16,827:INFO:load_model(model_name=model, platform=None, authentication=None, verbose=True)
2022-01-22 18:58:17,380:INFO:Initializing load_model()
2022-01-22 18:58:17,380:INFO:load_model(model_name=model, platform=None, authentication=None, verbose=True)
2022-01-22 18:58:20,333:INFO:Initializing load_model()
2022-01-22 18:58:20,334:INFO:load_model(model_name=model, platform=None, authentication=None, verbose=True)
2022-01-22 18:58:20,384:INFO:Initializing predict_model()
2022-01-22 18:58:20,384:INFO:predict_model(estimator=Pipeline(steps=[('dtypes',
                 DataTypes_Auto_infer(ml_usecase='classification',
                                      numerical_features=['averageMonthlyHours',
                                                          'yearsAtCompany'],
                                      target='turnover')),
                ('imputer',
                 Simple_Imputer(categorical_strategy='not_available',
                                fill_value_categorical=None,
                                fill_value_numerical=None,
                                numeric_strategy='mean',
                                target_variable=None)),
                ('new_levels1',
                 New_Catagorical_...
                ('rem_outliers', 'passthrough'), ('cluster_all', 'passthrough'),
                ('dummy', Dummify(target='turnover')),
                ('fix_perfect', Remove_100(target='turnover')),
                ('clean_names', Clean_Colum_Names()),
                ('feature_select', 'passthrough'), ('fix_multi', 'passthrough'),
                ('dfs', 'passthrough'), ('pca', 'passthrough'),
                ['trained_model',
                 GradientBoostingClassifier(random_state=5528)]]), probability_threshold=None, encoded_labels=False, drift_report=False, raw_score=False, round=4, verbose=True, ml_usecase=MLUsecase.CLASSIFICATION, display=None)
2022-01-22 18:58:20,385:INFO:Checking exceptions
2022-01-22 18:58:20,385:INFO:Preloading libraries
